GC Precious Log:
 CardTable entry size: 512
 Card Set container configuration: InlinePtr #cards 5 size 8 Array Of Cards #cards 12 size 40 Howl #buckets 4 coarsen threshold 1843 Howl Bitmap #cards 512 size 80 coarsen threshold 460 Card regions per heap region 1 cards per card region 2048
 CPUs: 2 total, 2 available
 Memory: 4095M
 Large Page Support: Disabled
 NUMA Support: Disabled
 Compressed Oops: Enabled (32-bit)
 Heap Region Size: 1M
 Heap Min Capacity: 8M
 Heap Initial Capacity: 64M
 Heap Max Capacity: 1G
 Pre-touch: Disabled
 Parallel Workers: 2
 Concurrent Workers: 1
 Concurrent Refinement Workers: 2
 Periodic GC: Disabled
Heap:
 garbage-first heap   total 219136K, used 112398K [0x00000000c0000000, 0x0000000100000000)
  region size 1024K, 49 young (50176K), 2 survivors (2048K)
 Metaspace       used 17321K, committed 17856K, reserved 1114112K
  class space    used 1518K, committed 1792K, reserved 1048576K
GC Heap History (20 events):
Event: 1992.858 GC heap after
{Heap after GC invocations=909 (full 146):
 garbage-first heap   total 219136K, used 64748K [0x00000000c0000000, 0x0000000100000000)
  region size 1024K, 1 young (1024K), 1 survivors (1024K)
 Metaspace       used 17257K, committed 17792K, reserved 1114112K
  class space    used 1507K, committed 1792K, reserved 1048576K
}
Event: 1994.046 GC heap before
{Heap before GC invocations=909 (full 146):
 garbage-first heap   total 219136K, used 192748K [0x00000000c0000000, 0x0000000100000000)
  region size 1024K, 127 young (130048K), 1 survivors (1024K)
 Metaspace       used 17257K, committed 17792K, reserved 1114112K
  class space    used 1507K, committed 1792K, reserved 1048576K
}
Event: 1994.090 GC heap after
{Heap after GC invocations=910 (full 146):
 garbage-first heap   total 219136K, used 64800K [0x00000000c0000000, 0x0000000100000000)
  region size 1024K, 1 young (1024K), 1 survivors (1024K)
 Metaspace       used 17257K, committed 17792K, reserved 1114112K
  class space    used 1507K, committed 1792K, reserved 1048576K
}
Event: 1994.520 GC heap before
{Heap before GC invocations=910 (full 146):
 garbage-first heap   total 219136K, used 191776K [0x00000000c0000000, 0x0000000100000000)
  region size 1024K, 126 young (129024K), 1 survivors (1024K)
 Metaspace       used 17257K, committed 17792K, reserved 1114112K
  class space    used 1507K, committed 1792K, reserved 1048576K
}
Event: 1994.527 GC heap after
{Heap after GC invocations=911 (full 146):
 garbage-first heap   total 219136K, used 64808K [0x00000000c0000000, 0x0000000100000000)
  region size 1024K, 1 young (1024K), 1 survivors (1024K)
 Metaspace       used 17257K, committed 17792K, reserved 1114112K
  class space    used 1507K, committed 1792K, reserved 1048576K
}
Event: 1994.953 GC heap before
{Heap before GC invocations=911 (full 146):
 garbage-first heap   total 219136K, used 191784K [0x00000000c0000000, 0x0000000100000000)
  region size 1024K, 126 young (129024K), 1 survivors (1024K)
 Metaspace       used 17257K, committed 17792K, reserved 1114112K
  class space    used 1507K, committed 1792K, reserved 1048576K
}
Event: 1994.957 GC heap after
{Heap after GC invocations=912 (full 146):
 garbage-first heap   total 219136K, used 64717K [0x00000000c0000000, 0x0000000100000000)
  region size 1024K, 1 young (1024K), 1 survivors (1024K)
 Metaspace       used 17257K, committed 17792K, reserved 1114112K
  class space    used 1507K, committed 1792K, reserved 1048576K
}
Event: 1995.245 GC heap before
{Heap before GC invocations=912 (full 146):
 garbage-first heap   total 219136K, used 191693K [0x00000000c0000000, 0x0000000100000000)
  region size 1024K, 126 young (129024K), 1 survivors (1024K)
 Metaspace       used 17257K, committed 17792K, reserved 1114112K
  class space    used 1507K, committed 1792K, reserved 1048576K
}
Event: 1995.249 GC heap after
{Heap after GC invocations=913 (full 146):
 garbage-first heap   total 219136K, used 64815K [0x00000000c0000000, 0x0000000100000000)
  region size 1024K, 1 young (1024K), 1 survivors (1024K)
 Metaspace       used 17257K, committed 17792K, reserved 1114112K
  class space    used 1507K, committed 1792K, reserved 1048576K
}
Event: 1995.487 GC heap before
{Heap before GC invocations=913 (full 146):
 garbage-first heap   total 219136K, used 191791K [0x00000000c0000000, 0x0000000100000000)
  region size 1024K, 126 young (129024K), 1 survivors (1024K)
 Metaspace       used 17257K, committed 17792K, reserved 1114112K
  class space    used 1507K, committed 1792K, reserved 1048576K
}
Event: 1995.490 GC heap after
{Heap after GC invocations=914 (full 146):
 garbage-first heap   total 219136K, used 64828K [0x00000000c0000000, 0x0000000100000000)
  region size 1024K, 1 young (1024K), 1 survivors (1024K)
 Metaspace       used 17257K, committed 17792K, reserved 1114112K
  class space    used 1507K, committed 1792K, reserved 1048576K
}
Event: 1995.716 GC heap before
{Heap before GC invocations=914 (full 146):
 garbage-first heap   total 219136K, used 191804K [0x00000000c0000000, 0x0000000100000000)
  region size 1024K, 126 young (129024K), 1 survivors (1024K)
 Metaspace       used 17257K, committed 17792K, reserved 1114112K
  class space    used 1507K, committed 1792K, reserved 1048576K
}
Event: 1995.719 GC heap after
{Heap after GC invocations=915 (full 146):
 garbage-first heap   total 219136K, used 64856K [0x00000000c0000000, 0x0000000100000000)
  region size 1024K, 1 young (1024K), 1 survivors (1024K)
 Metaspace       used 17257K, committed 17792K, reserved 1114112K
  class space    used 1507K, committed 1792K, reserved 1048576K
}
Event: 1998.045 GC heap before
{Heap before GC invocations=915 (full 146):
 garbage-first heap   total 219136K, used 191832K [0x00000000c0000000, 0x0000000100000000)
  region size 1024K, 126 young (129024K), 1 survivors (1024K)
 Metaspace       used 17303K, committed 17856K, reserved 1114112K
  class space    used 1518K, committed 1792K, reserved 1048576K
}
Event: 1998.063 GC heap after
{Heap after GC invocations=916 (full 146):
 garbage-first heap   total 219136K, used 65405K [0x00000000c0000000, 0x0000000100000000)
  region size 1024K, 1 young (1024K), 1 survivors (1024K)
 Metaspace       used 17303K, committed 17856K, reserved 1114112K
  class space    used 1518K, committed 1792K, reserved 1048576K
}
Event: 1998.548 GC heap before
{Heap before GC invocations=916 (full 146):
 garbage-first heap   total 219136K, used 191357K [0x00000000c0000000, 0x0000000100000000)
  region size 1024K, 125 young (128000K), 1 survivors (1024K)
 Metaspace       used 17313K, committed 17856K, reserved 1114112K
  class space    used 1518K, committed 1792K, reserved 1048576K
}
Event: 1998.557 GC heap after
{Heap after GC invocations=917 (full 146):
 garbage-first heap   total 219136K, used 66029K [0x00000000c0000000, 0x0000000100000000)
  region size 1024K, 2 young (2048K), 2 survivors (2048K)
 Metaspace       used 17313K, committed 17856K, reserved 1114112K
  class space    used 1518K, committed 1792K, reserved 1048576K
}
Event: 1998.812 GC heap before
{Heap before GC invocations=917 (full 146):
 garbage-first heap   total 219136K, used 190957K [0x00000000c0000000, 0x0000000100000000)
  region size 1024K, 125 young (128000K), 2 survivors (2048K)
 Metaspace       used 17321K, committed 17856K, reserved 1114112K
  class space    used 1518K, committed 1792K, reserved 1048576K
}
Event: 1998.817 GC heap after
{Heap after GC invocations=918 (full 146):
 garbage-first heap   total 219136K, used 66318K [0x00000000c0000000, 0x0000000100000000)
  region size 1024K, 2 young (2048K), 2 survivors (2048K)
 Metaspace       used 17321K, committed 17856K, reserved 1114112K
  class space    used 1518K, committed 1792K, reserved 1048576K
}
Event: 1998.892 GC heap before
{Heap before GC invocations=918 (full 146):
 garbage-first heap   total 219136K, used 112398K [0x00000000c0000000, 0x0000000100000000)
  region size 1024K, 49 young (50176K), 2 survivors (2048K)
 Metaspace       used 17321K, committed 17856K, reserved 1114112K
  class space    used 1518K, committed 1792K, reserved 1048576K
}

