# JRE version: Java(TM) SE Runtime Environment (18.0.2+9) (build 18.0.2+9-61)
# Java VM: Java HotSpot(TM) 64-Bit Server VM (18.0.2+9-61, mixed mode, sharing, tiered, compressed oops, compressed class ptrs, g1 gc, windows-amd64)
GC Precious Log:
 CardTable entry size: 512
 Card Set container configuration: InlinePtr #cards 5 size 8 Array Of Cards #cards 12 size 40 Howl #buckets 4 coarsen threshold 1843 Howl Bitmap #cards 512 size 80 coarsen threshold 460 Card regions per heap region 1 cards per card region 2048
 CPUs: 2 total, 2 available
 Memory: 4095M
 Large Page Support: Disabled
 NUMA Support: Disabled
 Compressed Oops: Enabled (32-bit)
 Heap Region Size: 1M
 Heap Min Capacity: 8M
 Heap Initial Capacity: 64M
 Heap Max Capacity: 1G
 Pre-touch: Disabled
 Parallel Workers: 2
 Concurrent Workers: 1
 Concurrent Refinement Workers: 2
 Periodic GC: Disabled
Heap:
 garbage-first heap   total 62464K, used 35822K [0x00000000c0000000, 0x0000000100000000)
  region size 1024K, 2 young (2048K), 2 survivors (2048K)
 Metaspace       used 23937K, committed 24384K, reserved 1114112K
  class space    used 2584K, committed 2752K, reserved 1048576K
GC Heap History (20 events):
Event: 2.340 GC heap after
{Heap after GC invocations=2 (full 0):
 garbage-first heap   total 65536K, used 3305K [0x00000000c0000000, 0x0000000100000000)
  region size 1024K, 1 young (1024K), 1 survivors (1024K)
 Metaspace       used 3265K, committed 3520K, reserved 1114112K
  class space    used 313K, committed 448K, reserved 1048576K
}
Event: 2.878 GC heap before
{Heap before GC invocations=2 (full 0):
 garbage-first heap   total 65536K, used 11497K [0x00000000c0000000, 0x0000000100000000)
  region size 1024K, 10 young (10240K), 1 survivors (1024K)
 Metaspace       used 5374K, committed 5568K, reserved 1114112K
  class space    used 598K, committed 704K, reserved 1048576K
}
Event: 2.885 GC heap after
{Heap after GC invocations=3 (full 0):
 garbage-first heap   total 65536K, used 3895K [0x00000000c0000000, 0x0000000100000000)
  region size 1024K, 2 young (2048K), 2 survivors (2048K)
 Metaspace       used 5374K, committed 5568K, reserved 1114112K
  class space    used 598K, committed 704K, reserved 1048576K
}
Event: 4.697 GC heap before
{Heap before GC invocations=3 (full 0):
 garbage-first heap   total 65536K, used 40759K [0x00000000c0000000, 0x0000000100000000)
  region size 1024K, 38 young (38912K), 2 survivors (2048K)
 Metaspace       used 10627K, committed 10880K, reserved 1114112K
  class space    used 1256K, committed 1408K, reserved 1048576K
}
Event: 4.724 GC heap after
{Heap after GC invocations=4 (full 0):
 garbage-first heap   total 65536K, used 5897K [0x00000000c0000000, 0x0000000100000000)
  region size 1024K, 4 young (4096K), 4 survivors (4096K)
 Metaspace       used 10627K, committed 10880K, reserved 1114112K
  class space    used 1256K, committed 1408K, reserved 1048576K
}
Event: 8.898 GC heap before
{Heap before GC invocations=4 (full 0):
 garbage-first heap   total 65536K, used 40713K [0x00000000c0000000, 0x0000000100000000)
  region size 1024K, 38 young (38912K), 4 survivors (4096K)
 Metaspace       used 13322K, committed 13632K, reserved 1114112K
  class space    used 1483K, committed 1664K, reserved 1048576K
}
Event: 8.933 GC heap after
{Heap after GC invocations=5 (full 0):
 garbage-first heap   total 65536K, used 8271K [0x00000000c0000000, 0x0000000100000000)
  region size 1024K, 5 young (5120K), 5 survivors (5120K)
 Metaspace       used 13322K, committed 13632K, reserved 1114112K
  class space    used 1483K, committed 1664K, reserved 1048576K
}
Event: 10.978 GC heap before
{Heap before GC invocations=5 (full 0):
 garbage-first heap   total 65536K, used 42063K [0x00000000c0000000, 0x0000000100000000)
  region size 1024K, 38 young (38912K), 5 survivors (5120K)
 Metaspace       used 14251K, committed 14528K, reserved 1114112K
  class space    used 1546K, committed 1664K, reserved 1048576K
}
Event: 11.013 GC heap after
{Heap after GC invocations=6 (full 0):
 garbage-first heap   total 65536K, used 9771K [0x00000000c0000000, 0x0000000100000000)
  region size 1024K, 4 young (4096K), 4 survivors (4096K)
 Metaspace       used 14251K, committed 14528K, reserved 1114112K
  class space    used 1546K, committed 1664K, reserved 1048576K
}
Event: 12.117 GC heap before
{Heap before GC invocations=6 (full 0):
 garbage-first heap   total 65536K, used 44587K [0x00000000c0000000, 0x0000000100000000)
  region size 1024K, 38 young (38912K), 4 survivors (4096K)
 Metaspace       used 14825K, committed 15168K, reserved 1114112K
  class space    used 1576K, committed 1728K, reserved 1048576K
}
Event: 12.439 GC heap after
{Heap after GC invocations=7 (full 0):
 garbage-first heap   total 78848K, used 11005K [0x00000000c0000000, 0x0000000100000000)
  region size 1024K, 3 young (3072K), 3 survivors (3072K)
 Metaspace       used 14825K, committed 15168K, reserved 1114112K
  class space    used 1576K, committed 1728K, reserved 1048576K
}
Event: 14.142 GC heap before
{Heap before GC invocations=7 (full 0):
 garbage-first heap   total 78848K, used 38653K [0x00000000c0000000, 0x0000000100000000)
  region size 1024K, 31 young (31744K), 3 survivors (3072K)
 Metaspace       used 21149K, committed 21504K, reserved 1114112K
  class space    used 2330K, committed 2496K, reserved 1048576K
}
Event: 14.176 GC heap after
{Heap after GC invocations=8 (full 0):
 garbage-first heap   total 78848K, used 12865K [0x00000000c0000000, 0x0000000100000000)
  region size 1024K, 5 young (5120K), 5 survivors (5120K)
 Metaspace       used 21149K, committed 21504K, reserved 1114112K
  class space    used 2330K, committed 2496K, reserved 1048576K
}
Event: 15.621 GC heap before
{Heap before GC invocations=9 (full 0):
 garbage-first heap   total 48128K, used 46657K [0x00000000c0000000, 0x0000000100000000)
  region size 1024K, 37 young (37888K), 5 survivors (5120K)
 Metaspace       used 22634K, committed 23040K, reserved 1114112K
  class space    used 2450K, committed 2624K, reserved 1048576K
}
Event: 16.201 GC heap after
{Heap after GC invocations=10 (full 0):
 garbage-first heap   total 62464K, used 22141K [0x00000000c0000000, 0x0000000100000000)
  region size 1024K, 6 young (6144K), 6 survivors (6144K)
 Metaspace       used 22634K, committed 23040K, reserved 1114112K
  class space    used 2450K, committed 2624K, reserved 1048576K
}
Event: 17.534 GC heap before
{Heap before GC invocations=10 (full 0):
 garbage-first heap   total 62464K, used 44669K [0x00000000c0000000, 0x0000000100000000)
  region size 1024K, 28 young (28672K), 6 survivors (6144K)
 Metaspace       used 22645K, committed 23040K, reserved 1114112K
  class space    used 2450K, committed 2624K, reserved 1048576K
}
Event: 17.586 GC heap after
{Heap after GC invocations=11 (full 0):
 garbage-first heap   total 62464K, used 28136K [0x00000000c0000000, 0x0000000100000000)
  region size 1024K, 4 young (4096K), 4 survivors (4096K)
 Metaspace       used 22645K, committed 23040K, reserved 1114112K
  class space    used 2450K, committed 2624K, reserved 1048576K
}
Event: 19.317 GC heap before
{Heap before GC invocations=11 (full 0):
 garbage-first heap   total 62464K, used 44520K [0x00000000c0000000, 0x0000000100000000)
  region size 1024K, 21 young (21504K), 4 survivors (4096K)
 Metaspace       used 23322K, committed 23744K, reserved 1114112K
  class space    used 2516K, committed 2688K, reserved 1048576K
}
Event: 19.338 GC heap after
{Heap after GC invocations=12 (full 0):
 garbage-first heap   total 62464K, used 33262K [0x00000000c0000000, 0x0000000100000000)
  region size 1024K, 3 young (3072K), 3 survivors (3072K)
 Metaspace       used 23322K, committed 23744K, reserved 1114112K
  class space    used 2516K, committed 2688K, reserved 1048576K
}
Event: 20.359 GC heap before
{Heap before GC invocations=12 (full 0):
 garbage-first heap   total 62464K, used 46574K [0x00000000c0000000, 0x0000000100000000)
  region size 1024K, 16 young (16384K), 3 survivors (3072K)
 Metaspace       used 23937K, committed 24384K, reserved 1114112K
  class space    used 2584K, committed 2752K, reserved 1048576K
}

